INFO    : PreTeXt project found in `/Users/kamuelay/Documents/GitHub/YongTrigonometry`.
WARNING : Using CLI version 1.7.5 but project's `requirements.txt`
WARNING : is configured to use 1.1.0. Consider either installing
WARNING : CLI version 1.1.0 or changing `requirements.txt` to match 1.7.5.
INFO    : No change in assets requiring generating detected.  To force regeneration of assets, use `-g` flag.

INFO    : Preparing to build into /Users/kamuelay/Documents/GitHub/YongTrigonometry/output/web.
INFO    : 
Now building HTML into /Users/kamuelay/Documents/GitHub/YongTrigonometry/output/web

INFO    : discovering source file's directory name: /Users/kamuelay/Documents/GitHub/YongTrigonometry/source
INFO    : verifying and expanding input directory: /Users/kamuelay/Documents/GitHub/YongTrigonometry/source/../generated-assets
INFO    : input directory expanded to absolute path: /Users/kamuelay/Documents/GitHub/YongTrigonometry/generated-assets
INFO    : verifying and expanding input directory: /Users/kamuelay/Documents/GitHub/YongTrigonometry/source/../assets
INFO    : input directory expanded to absolute path: /Users/kamuelay/Documents/GitHub/YongTrigonometry/assets
INFO    : Runestone Services (via PreTeXt repository): version 6.5.0
INFO    : Runestone Services (using newer, via online CDN query): version 7.1.4
INFO    : converting /Users/kamuelay/Documents/GitHub/YongTrigonometry/source/main.ptx to HTML in /var/folders/sz/swdfg4x976b4_c_7qcd12fmw0000gp/T/tmpje3jgf3_
INFO    : XSL conversion of /Users/kamuelay/Documents/GitHub/YongTrigonometry/source/main.ptx by /Users/kamuelay/.ptx/xsl/pretext-html.xsl
INFO    : comprehensive messages, warnings, and errors:
INFO    :     * PTX:ERROR:   a cross-reference ("xref") uses references [Graphs_of_Other_Trigonometric_Functions] that do not point to any target, or perhaps point to multiple targets.  Maybe you typed an @xml:id value wrong, maybe the target of the @xml:id is nonexistent, or maybe you temporarily removed the target from your source, or maybe an auxiliary file contains a duplicate.  Your output will contain some placeholder text that you will not want to distribute to your readers.
INFO    :     *              located within: "Graphs_of_the_Sine_and_Cosine_Functions" (xml:id), "Graphs of the Sine and Cosine Functions" (title)
INFO    :     * PTX:ERROR:   a cross-reference ("xref") uses references [core-standardsCCSS_MATH_CONTENT_HSF_TF_A_4-a] that do not point to any target, or perhaps point to multiple targets.  Maybe you typed an @xml:id value wrong, maybe the target of the @xml:id is nonexistent, or maybe you temporarily removed the target from your source, or maybe an auxiliary file contains a duplicate.  Your output will contain some placeholder text that you will not want to distribute to your readers.
INFO    :     *              located within: "subsec-sine-function" (xml:id), "The Sine Function" (title)
INFO    :     * PTX:ERROR:   a cross-reference ("xref") uses references [Graphs_of_Other_Trigonometric_Functions] that do not point to any target, or perhaps point to multiple targets.  Maybe you typed an @xml:id value wrong, maybe the target of the @xml:id is nonexistent, or maybe you temporarily removed the target from your source, or maybe an auxiliary file contains a duplicate.  Your output will contain some placeholder text that you will not want to distribute to your readers.
INFO    :     *              located within: "Graphs_of_the_Sine_and_Cosine_Functions" (xml:id), "Graphs of the Sine and Cosine Functions" (title)
INFO    :     * PTX:ERROR:   a cross-reference ("xref") uses references [core-standardsCCSS_MATH_CONTENT_HSF_TF_A_4-a] that do not point to any target, or perhaps point to multiple targets.  Maybe you typed an @xml:id value wrong, maybe the target of the @xml:id is nonexistent, or maybe you temporarily removed the target from your source, or maybe an auxiliary file contains a duplicate.  Your output will contain some placeholder text that you will not want to distribute to your readers.
INFO    :     *              located within: "subsec-sine-function" (xml:id), "The Sine Function" (title)
INFO    : successful application of /Users/kamuelay/.ptx/xsl/pretext-html.xsl
INFO    : Removing temporary directory /var/folders/sz/swdfg4x976b4_c_7qcd12fmw0000gp/T/tmpje3jgf3_
INFO    : 
Success! Run `pretext view web` to see the results.

